XXXXXXXX    XXXXXXXXXXXXXXXXXXXXXXXXXXXXX     XXXX
XXXXXX  XXXX  XXXXXXXXXXXXXXXXXXXXXXXXX  XXXX  XXX
XXXXX XXX  XX  XXX    XXXXXXXXX   XXXX XX    X XXX
XXXX XX     XX    XX           XX     X      XX XX
XXXX X        X XXXXXXXXX   XXXXXXXXXX XX     XX X
XXX XX     XXXXXX       XXXXX       XXXXX      X X
XXX X     XXXXX                       XXXXX    X X
XXX X    XXXX                          XXXX    X X
XXX X   XXXX                            XXXX   X X
XXX X   XXX                              XXX  X  X
XXX X  XXX                               XXXXXX XX
XXX  X XX XXX                          XX XXXX  XX
XXXX XXX  X XXXXXXXX             XXXXXXX X XX  XXX
XXXX  XX  X XXXXXXXXXXXX     XXXXXXXXXXX X XX XXXX
XXXXX X XX  XXXXXXX  XX       XX  XXXXXX  X X XXXX
XXXX  X X  X  XXXXXX XX       XX XXXXXX X XX X XXX
XXXX X X  XX  XXXX XXX        XXXX XXX X X X X XXX
XXXX X X XX  X XXXX  X        XX  XXX XX X  XX  XX
XXX  X X X  XX   XXXXX        XXXXXX X X  X XXX XX
XXX XX X X XX  X XXXXX  XXXX   XXXX XX  X  XX X XX
XXX XX XX  X  X   XXXX XX   XX XXX X  X XX X  X XX
XXX X XXX XX  X X XXXX X XXXXX XXX XX  X  XXX X XX
XXX X  XX X  XX X  XXX XXXXXXX XXXX  X  XXXX XX XX
XX  X  XXXX X  X X XX  XXXXXX  XX XX XX  XXX XX  X
XX XX XXXX  X XX X XX   XXXXX  XX   X  X XXX  XX X
XX XX X XXXX  X X XXX    XXX    XX  X XXXX  XXXX X
XX XXX   XXX XX X XXX           XXX XXXXXXX XXXX X
XX XXX XX XXXX  XXXXX           XXXXXXXX  X XX X  
X  X XXX  XXXXXXXXXXX  XXXXXX   XXXXXXX X  XXX X  
X  X XX  XX XXXXXXXXXXXXX   XXXXXXXXXX  XX XXX XX 
X XX  XXX   X XXXXXX X X     XXXXXXX  X  XXXXX XX 
X X   XXX XX  XXXXXX X  X   X X XXXX   X XXXX  XX 
X X  XXXXXX  XXXXXXX XX XXXX XX XXXXX  XXXXXX   X 
X X XX  XXX  X  XXXX  XX    XX  XXXXXXXXXXX XX  X 
X X X  X XX X   XXXXX          XXXXXXXXXX X  X  X 
X X X  X XXXX  XXXXXXX  XXXX  XXXXXXXXXX  X  X  X 
X XX  X  X XXXXXXXXXXXXXXXXXXXXXXXXXXXX X  X  XXX 
X XX  X XX XXXXXXXXXXXXXXXXXXXXXXXXXXX  XX X  XXX 
X  X X  X    XXXXXXXXXXXXXXXXXXXXXXXXXX  X  X  X X
XX XXX  X   XXXXXXXXXXXXXXXXXXXXXXXXXXXX XX X XX X
