                   XXXXXXXXXXXXXXXXXXX                 
                XXXX                 XXX               
               XXXX                    XXX             
             XXX XX                      X             
            XX   X                                     
           XX  X                                       
          XXX XXX                                      
         XXXXXXX                                       
         XX XXXX                                       
        XXXXXX   X                                     
        XX XX  XXX                                     
        XXXX    XX                                     
       XXXX    XXX                                     
       X XX XXXXXX                                     
       XXXX  XXXX                                      
      XXXX X  XX       XX                              
      XXX  X   XXXX   XXX                 XXX          
      X XXXXX  XXX   XXXXXX                            
      XXXXXX   XX  XXXXXXX              X              
      XX XX   XX X XXXXX                X              
      XX  X   X XXX XXXX                               
      XXXX   XX X XXXXXXX  XXXXXX XXX         X        
      X XX  XXXXX  XXXXXXXXX   XX X     XX X XX        
      X  XXXXXXXX  XXXX XX  XXXXXXXX   XXXXXXXXXX      
      XX  XX XX X XXXX  XXXXXXXXXXXXX  XXXXXXXXXXX     
      XXX   XX X XXX XXXXXXXXXXX  XXX   XXXXX XX       
      X X  XXXXXXXX XXXXXXXX      XX    X  X   X       
      XXX  X  X X XXXX XXX XX     X     XX             
      X X  X  X   XXXXXXXX    XX         XXX    X      
      X    X X X  XXX  XXXXXXXX  XX        XX   X      
      X    X XXX XXXXXXX  XX                X   X      
      XXX XXX XXXXXXXXX                        XX      
      XXX X XXXXXXXXXXX                  X     X       
      XX XX  XX XX XXXXXX        X  X     X            
     XX  X X XXXX  XXXXXXX      XXX       XX           
    XXXXXX XXXXX   XXXXXXX     XXXXXX    XX X          
   XX XX XXX  XXX  XXXXX X     X  XXXX  XX             
  XXXXX XXX    XX XXXXXXXXX   XX   XXXXXX    X         
  XXXX  XXX    X XXXXXXXX X   X     XXX      X         
  XXXX XX  X  X XXX X XXXXX XXX     XXXXXX             
  X XX X  XX X  X XXX XX XXXXXX XXXXXXX  XXX           
 XX X  XXX    XX   XXXX XXXXXXXXX          XX          
 XXXX  XXXX X XX  XXXX XXX XXXXX     XXXX  XXX         
 X XX  XX XXX     XXX  XX XXXXXX XXXXXXXXXXXX          
XXXXX XXX  XX     XXX XX XX   XX XX        X           
XXXXXXXXX XXX      X  X  X    X  XX             X      
X XXXXXXX  XX      X  X  X       XX             XX     
XXXXXXXXXX XX  XXX                X             XX     
X XXX   XXXXX  XXXX                             XXX    
X  XX XXX XXXXXXXXX     X                       X XX   
XXXXX XX   XXXXXXXX X   X                       X  X   
XXXXX      XXXXXXXXXXX  X                         XX   
X  XX      X  XXXX  XX  X  X                      XXX  
XXXX  X    X   XXXX XX  XX XX                      XX  
XXXX XX   XXXX XXXXXXX  XX XX                X X    XX 
XX X X    XXXXXXXXXXXX XXX XX  X   X         X X    XX 
X  X XXX XXXX XX  XXXX XXX XXX X   X    X    X XX    X 
XXX XX   XXX  XX   XXX XXX XXX X X X X  XX   X XXX   XX
X X   XXXXX  XXX    XX   X  XX X X X X  XX   X  XX    X
XXX X  XXXX XXXXX   XX      XXXX XXX X  XX   X  XX    X
XXXXXXXXXXXXXXXXX X XX       X   XXX X  XX   X   XX   X
XXXXXXXX  XXXXXXXXX X        X    XX X XXX  XX   XX   X
XXXXXXXX  XXXXXXXXXXX   XX   X     X X XX   XX    X  XX
XXXXXXXXX X XXXXXXXX     XX  X  X  XXX XX   XX    X  XX
XXX  XXXXXX XXXXX XXX    XX  X  X  XXX XX   XX    X  XX
XXX   XXXX XXXXXXX XXX   XX     X XXXX XX   XX    X  XX
XX    XXX   XXXXXX XXX   XX     X XXX   XX  XX    X  XX
XXX X        XXXXXX XXX  XXXX   X XXX   XX  XX    X XXX
XXXXXX         XXXXX XXX XXXXX  XXXX X  XX  XX    XXXXX
XXX XXXX     X  XXXXXXXX XXXXX   XXXXXX XX  XX  X XXX X
XX   XXX     XX XXXXXXXX  XXXXXX XXXXXXXXX XXX  X XXX X
XX  XXX  X  XXXXXXXXXXXXX XXXXXXXXXX XXXXX XXX XX XXXXX
X  XXX XXX  XX XXXX XXXXXXX XXX XXXX XXXXXXXXX XX  XXXX
XXXXXXXXXXXXX XXX  XXXXXXX XXXX XXXXXXXXXXXXX  XX  XXXX
XXXXXXXXXXXXXXXXXXXXXXXXXXXXXXX XXXXXXXXXXXX   XX  XXXX
