  XXXXX  X   XXXXXXXX      XXX
  XXX X  XX   XXXXXXXXX   XXXX
  XX X X X     XX X XXXX  X XX
   X  X  XX    XX X X XX X X X
   X X   X  XX XX X X XXX X  X
 XXXXXX  X XX  XX X X X X XXX 
XX     XX XX   XX X X X X   X 
X X   XX XX    XX X X X X   XX
X X   X XX XX  XX X X X X  XX 
X XX   XX   XX XX X X  XXXXX X
XX XXXXX     X XX X X X     XX
 XX X X  X XXX XX X X XXXXXXXX
  XXXX X X X   XX X X X X  XXX
XX    XX X XXX XX X       XXXX
X  XX X  X   X XX X XXXXXXXX X
X  X  X  X   X XX  XXXXX XXXXX
X  X  X  X  XX XX XXX XXXX    
X  X  XX    X  XX XXXXXXXX XX 
 XXX   XX  XX  X XXXXX XXX XX 
XXX     XXXX    XXXXXXXXXX XX 
