                             X                  X  X                  
                          XXX X  X   X       X XX XXX  X X            
                      X  XXX X XX  XX        X  XXX  X XX             
                     X XXX XXX  XXX  X X    XX  X X X XX              
                      XXX XX XXXX X XXXXX  XX  X X XXXXX              
                      X XX X XXXXXXXX  X   X XX XXX    XX X      XX   
                   X  X X X XX  XXXXXX XXX XXX  X     X X XX     X    
                    XX X XXXXXX  XXX XXXX  X XXXX X  XXXX  XXXXXXX    
                   XX XXX XXX X  X XX  XXXXXX X  XX   X X       XX X  
                     X  XXXX X   X  XX X XX  XXXX XXXXX XX       X XX 
                        XX        X XXXXX X XX X X X X XXXX  X   XX XX
                        X          X  X XXXXX X X XX XX XXX X  XX XX X
                       X X       X XXXX XX  X XXXX  XX  X XXX XX X XX 
                                  XXX XX XXXXXX X  XXXX X  XX  X  XX  
                                 X   X  X  XXX  X X X XXXX X  XXXX XX 
          XXXX                             XXXXXXXX XXX XXX  XX  XX XX
          X  XXX                          XX XX  X X  XXXXX  X X XX  X
          X    XXX                       X XXX  XXXXXXX XX   XXXXXXXXX
          X      XXX                       X   XXX X XXXX     XX XXX  
          X        XXX                      X  X X  X XXX       XXX  X
 XXX     XX          XX                         XX XX XXXX     XXXXXXX
XXXXXXX  X            XX                          XX   XXXXXXXXXXXXX X
      XXXX             XXX         XXXXXXX               XXXXXXXXX  XX
   X    XXXX             XX XXXXXXXX     XXXXXXXXXXXXX     XXXXXXX X X
  XXX   X  XXXXXXXXXXXXXX XX  X X  X     X   X   X  XXX X       XXXXXX
XXX XX  X XXXXXXXX XXX     XX              X  XXX   X   XX XXX   XXXXX
       XXXXXXXXXX XXX       XX            X X  X   XX X X X X X  XXX  
       X      X X X X        XX          XXXXXXXXXXXXXXXXXXXXXXXXXXXX 
XXXXXXX XXXXXXXXXXXXXX        XX        XXXXXXXXXXXXXXXXXXX X X X XXXX
XXXXXXX XXXXXXXXXXX X XX X     XX   X X  XXXXXXXXXXXXXXXX  X   X  XXXX
XXXXXX XXXXXXXXXXX X X  X XX X  XXX X  XXXXXXXXXXXXXXXXXXXXXXX X   XXX
XXXXXX XXXXXXX  X  X    XX  XXXXX  XXXXXXXXXXXXXXXXXXXXXXXXXXXXXXX XXX
XXXXXX XXXXXXXXXXXXXXXXXXXXXXXXXXX  XXXXXXXXXXXXXXXXXXXXX   XXXXXXX XX
XXXXX XXXXXXXXXXXXXXXXXXXXXXXXXXXXX  XXXXXXXXXXXXXX  X  XX   XXXXXXXXX
XXXXX XXXXXXXXXXXXXXXXXXXXXXXXXXXXXX  XXXXXXXXXXXX  XX   XXX XXXXXX XX
XXXX XXXXXXXXXXXXXXXXXXXXXXXXXXXXXXXX  XX X X XXXX   XXX    X XXXXXXX 
XXXX XXXXXXXXXXXXXXXXXXXXXXXX XX X XXX  XX XXXXXXXX    XXXXX   XXXXX X
XXX XXXXXXX XX XXX XXXX X X  X XX X XXX  XXXXXXXXXXX          XXXXXXXX
XXX XX XX  X XXX XX   XX      XX XXXXXXX  XXXXXXXXXXXX       XXXXXXXX 
   X  XX XX X  X              XXXXXXXXXXX X  XXXXX   XXXXXXXX  XXXXX X
   X   XX    X X X          XXXXXXXXXXXX X XXXX       X XX X X  XXXXX 
  X           XXX         XXXXXXXXXXXXX   XX       X      X X  XXXX XX
 XXX           X X      XXXXXXXXXXXXXXXX     X XXXXXXX XX XX XX X XX  
                      XXXXXXXXXXXXXXXXXXX   XXXXX XX XXXXXXX X  XX X X
                   XXXXXXXXXXXXXXXX  X X XXXX   X X XXX  XX  X    X   
                XXXXXXXXXXXX XX   X  X X X    X   X X XX X X          
              XXXXXX X XXX X XXX   X XX  X   XX  XX X  X              
              XX X      XX   X  X  X   X    XX  XX X  X               
           XXXX   X X X       X X                                     
          XX     X  X XX                                              
