XXXXXXX XXX   X X XXXXXXX
X     X XX XX     X     X
X XXX X     XXX X X XXX X
X XXX X X  XXXXXX X XXX X
X XXX X  XXXXX XX X XXX X
X     X  XX       X     X
XXXXXXX X X X X X XXXXXXX
        XXX   XXX        
X XX XXX  X X XXX ?? X XX
X X      XXX XX   ??   X 
 XXXX X XXXX XX X    XX  
 X X   X   X X XXXX X XXX
  XX  X X X      XX XXXXX
   XXX XX XX XXXXXX XXX X
X XXXXXXXXX X X  XX    X 
 XX X  XX  ?X? XXX     X 
XXX X X X  ? ?  XXXXX X  
        X  ?X? XX   XXXXX
XXXXXXX X  ?X?  X X X XXX
X     X XX  X  XX   XX X 
X XXX X   XXXX  XXXXX  X 
X XXX X XXX XXXXXXXXXX XX
X XXX X X  XXXXXX XXXXXX 
X     X  XX      X X XX  
XXXXXXX XX   X XX   XXXXX
