                                                               XXX      X      XXXXXXX XXXXXXX                                                   
                                                                X      XXX     X    XX X    XX                                                   
                                                                X      X X         XX      XX                                                    
                                                                X     XX XX        XX      XX                                                    
                                                                X     X   X       XX      XX                                                     
                                                                X    XX   XX      XX      XX                                                     
                                XXXXX     XXXX                  X    XX   XX     XX      XX                                                      
                               XXXXXXX   XXXXXX                 X   XXXXXXXXX    XX      XX                   XXXX                               
                               XXX   X  XX  XXXX                X   X       X   XX      XX                   XXXXXXX                             
                               XXXX  XXXX   XXXX XX         X   X   X       X   XX      XX                   X  XXXX                             
                               XXX    X   XXXXXX XXXX       X  XX  XX       XX XX    X XX    X           X  XX XX XX                             
                               XXXX  XX  XXXXXX  X  XXX     XXXX   X         X XXXXXXX XXXXXXX          XX  XX XXXXX  XX           XXX           
                                 XX XXX XXXXXXXX XX   X                                                XX   XX  XXXXXXXXX         XX XX          
         XXXXX                   XXXXXXXXXXXXXXX XXXXXX                                               XXX    XXXX   XXXXXXXXXXX XX   XXX         
        XXXXXXX                 XXXXX  XXXXXXXXX X  XXX                                              XXX     XXXXX  XXXX   XXXXXX    XXX         
        XXXX  X        X        XXXXX   XXXX   X X  X                                               XXXX       XXXXXXXXX    XXXXX    XXX         
        XXXXX X       XX        XXXXXX  XXXXXXXXXXXXX                                              XXXXX       X    XXXXXXXXXX  XXX XXX          
        XXX   XX   XXXXX        XXXXXXXXXXXXXXXXXX XX                                             XXXXXXX      XX    XXXXXXXXXXXXXXXXXX          
        XX    XXXXXXXX XX       XXXXXXXXXXXX  XXXX XX                                            XXXXXXXXX      XX   XXXXXXXXXXXXXXXXXXXXX       
         XX  XXX XXXX XXXX      XXXXXXXXXXXX  XXXX XX   XXX                                     XXXXXXXXXXX       XXXXXXXX XXXXXXXXXXX    XXXX   
        XXX   XXXXXX XXXXXXXXX   XXXXXXXXXX   XXX  XX  XXXXXX                                  XX XXXXXXXXX          XXXXXXXXXXXXXXXXXXX      XX 
     XXXXXXXXX  XXX XXXXXXXXX     XXXXXXXXX    XX  XX  X  XXX                                 XXX XXXXXXXXXX          XXXXXXXXXXXXXXX   XXXX    X
    XXXXXXXXXXXXXX X   XXXX       XXXXXXXXX    XXXXX   X X XXX                                XXX  XXXXXXXXX          XXXXXXXXXXXXXXX       XXXX 
   XXXXXXXX  XXX  XXXXXXXXX       XXXXXXXXX     XXX    XX   XXX  XX               XXXX       XXXXX  XXXXXXXX           XXXXXXXXXXXXXX            
   XXXXXXXXXXXXXXXXXXXXX   XXXXX  XXXXXXXXXX            X    XXXXXXXX            XXXXXX      X XXXX XXXXXXXXX            XXXXXXXXXXX             
   XXXXXXXXXXXXXX XXXXX   XXXXX   XXXXXXXXXX            XX XXXXXXXXXXXX          XXXXXXX    XXXXXXX  XXXXXXXX            XXXXXXXXXXX             
   XXXXXXXXX XXXX        XXXXX   XXXXXXXXXXX           XXXXXXXXXXXXXXXXXXX       XXXX XX XXXX XXXXXX XXXXXXXXX         XXXXXXXXXXXX              
   XXXXXXXX  XXXX       XXXXX    XXXXXXXXXXXXXXX     XXXXXXXXXXXXXXXXXXXXXX     XXX    X XXXXXXXXXXX  XXX            XXXXXXXXXXXXX               
  XXXXXXXXX  XXXX      XXXXXX   XXXXXXXXXXXXXXXXX    XXXXXX  XXXXXXXXXXXXXX   XXXXX   XX XXXXXXXXXXXX XXXXXXXXXXXX  XXXXXXXXXXXXXX               
  XXXXXXXXXXXXXX       XXXXX    XXXXXXXXXXXXXXXXX    XXXXXX  XXXXXXXXXXXXXX  XXXXXXX   X XXXX     XXX XXXX  XXXXXX XXXXXXXXXXXXXXX               
 XXXXXXXXXX  XXX      XXXXX     XXXXXXXXXXXX XXX    XXXXXXXX XXXXXXX XXXXXX  XXXXXXX  X  XXX        XXXXXXX      XXXXXXXXXXXXXXXX                
 XXXXXXXXXXXXXXX         XX     XXXXXXXXXXXX X      XXXXXXXX XXXXXXX XXXX   XXXXXXXXXX   XX           XXXXXX          XXXXXXXXXXXX               
  XXXXXXXXXXXXXXX        XX      XXXXXXXXXXXXXXXXXXXXXXXXXXX XXXXXXX        XXXXXXXXXX  X XXXXXXXXX   XXXXXXXXXXX XXXXXXXXXXXXXXX                
    XXXXXXXXXXXXXX       XX     XXXXXXXXXXXXXXXXXX  XXXXXXXX XXXXXXX        XXXXXXXXXXXX XXXXXXXXXXXXXXXXXXXXXXXXXXXXXXXXXXXXXXXX                
    XXXXXXXXXXXXXX       XX     XXXXXXXXXX       XXXX XXXXXXX XXXXX XX     XXXXXXXXXXX   XXXXXXXXXXXXXXXXXXXXX XXXXX XXXXXXXXXXXXX               
    XXXXXXXXXXXXXX       XX     XXXXXXXXXX         XX   XXXXXX XXX XXXXXXX XXXXXXXXXXXX XXXXX   XXXXXXXXXXXXXX XXX   XXXXXXXXXXXX                
 XXXXXXXXXXXXXXXXX       XX     XXXX XXXXX          XX   XXXXXX X XXXXXXXXXXXXXXXXXXXXXXXXXXXXX    XX  XXXXX  XXXX   XXXXXXXXXXXX                
 XXXXXXXXXXXXXXXXXX      XX    XXXXXXXXXXX           XX   XX XXX XXXXXXXX XXXXXXXX XXXXXX X     X X  XXXXXX    XXX XXXXXXXXXXXXX                 
 XXXXXXXXXXXXXXXXXX      XX    XXXXXXXXXXX            XXXXXXXXXXX XXXXXXXXXXXXXXXX  XXXX X X X X X XXXXXXXX   XXXXX XXXXXXXXXXXX                 
 XXXXXXXXXXXXXXXXXXX    XX    XXXXXXXXXXX              X   XXXXXXXXXX XXXXXXXXXXXX XXXXXXXXXXXXXXXXXXXXXXXX XX XXXX  XXXXXXXXXXX                 
 XXXXXXX     XXXXXXX    XX    XXXXXXXXXXX              X    XXXXXXXXXXXXXXXXXXXXXX  XXXXXXXXXXXXXXXXXXXXXXXXXXXXXXXX XXXXXXXXXXX                 
 XXXXXXXX    XXXXXXXX   XX    XXXXXXXXXXX              X    XXXXXXXXX XXXXXXXXXXXXXXXXXXXXXXXXXXXXXXXXXXXXXXXXXXXXXXXXXXX XXXXXX                 
  XXXXXXXXXXXX  XXXXX   XX   XXXXXXXXXXXX              X    XXXXXXXXX XXXXXXXXXXXXXXXXXXXXXXXXXXXXXXXXXXXXXXXXXXXXXXXXXXX XXXXXX                 
  XXXXXX     XX XXXXX   XX   XXXXXX XXXXX              X    XXXXXXXXXXXXXXXXXXXXXXXXX       XXXXX  XXXX             XXXX   XXXXX                 
   XXXXX     XXXXXXXX   XX  XXXXX X XXXX               XXXXXXXXXXXXXXXX  XXXXXXXXXXXXXXX     XXXX  XXXX             XXXX   XXXXX                 
   XXXXX     XXXXXXX    XX  XXXXX X XXXXX              X    XXXXXXXXX X XXXXXXXXXXXXXXXX     XXXX  XXXX             XXXX   XXXXX                 
   XXXXXXXXXXXXXXXX     XX  XXXXX XXXXXX               X    XXXXXXXXX X XXXXXXXXXXXXXXXXX   XXXXX  XXXX             XXXX   XXXXXX                
    XXXXXX XXXXXXX      XX  XXXXX XXXXXX               X   XXXXXXXXXX X XXXXXXXX XXXXXXXX   XXXX   XXXX             XXXX   XXXXXXX               
    XXXXX   XXXXX       XX XXXXX   XXXXX              XX   XXXXXXXXXXXX XX XXXX  XXXXXXXXX  XXXXX  XXXX             XXXX    XXXXXXX              
    XXXXX  XXXXXX       XXXXXXXX   XXXXX              XXXXXXXXXXXXXXX X    XXXX  XXXXXXXXXX XXXXX  XXXX            XXXXX    XXXXXXXXX            
    XXXXX XXXXXX       XX XXXXXX   XXXXX             XX   X  XXXXXXXXXX    XXXX   XXXXXXXXXXXXXX   XXXX            XXXXX     XXXXXXXX            
     XXXX XXXXXX      XXX XXXXXX   XXXXX             X   XX  XXXXXXXXXX  X XXXX   XXXXXXXXXXXXXX   XXXX            XXXXXX     XXXXXXXXX          
    XX  XXXXXX        X X XXXXXX  XXXXXX            XX  XXX  XXXXXXXXXX XX XXXX   XXXXXXXXXXXX X   XXXX            XXXXXX      XXXXXXXXXX        
    XX XXX  XX       X  X XXXXXX   XXXXX           XX   XXXXXXXXXXXXXXXXXX XXXX    XXXXXXXXXXX XX  XXXX            XXXXXX       XXXXX XXX        
 X XXXXXXXXXXXXX    XX  X  XXXXX   XXXXXX        XXXXXXXXXX  XXXXX XXXX XXXXXXX    XXXX XX  XXXXXXXXXXX            XXXXXX        XXXX XXX        
XXXXXXXXXXXXXXXXXXXXXX XX  XXXXX   XXXXXX      XXXXXXXX  XX  XXXXX XXXX XXXXXXXXX  XXXXXXXXXX  XXXXXXXX            XXXXXX           X XX         
XXXXXXXXXXXXXXXXXXXXXXXXXXXXXXXXXXXXXXXXXXXXXXXXXXXXXXXXXXXXXXXXXX XXXX XXXXXXXXXX XX  XXXXXX XXXXXXXXX         XXXX  XX            XXXX         
       XXXXXXXXXXXXXXXXXXXXXXXXXXXXXXXXXXXXXXXXXXXXXXXXXXXXXXX XXXXXXXXXXXXXXXXXXXXXXXXXXXXXXXXXXXXXXXXXXXXXXXXXXXXXXXXXXX          XXXX         
                    XXXXXXXXXXXXXXXXXXXXXXXXXXXXXXXXXXXXXXXXXXX  XXXXXXXXXXXXXXXXXXXXXXXXXXXXXXXXXXXXXXXXXXXXXXXXXXXXXXXXXXXXXXXXXXXXXXXXXXX     
                                                              XXXXXXXXXXXXXXXXXXXXXXXXXXXXXXXXXXXXXXXXXXXXXXXXXXXXXXXXXXXXXXXXXXXXXXXXXXXXXX     
