                        XXXXXXXXXXXXXXXXXXXXXXXXXXXXXXXXXXXX               
                         XXXX  XXXXXXXXXXXXXXXXXXXXXXXXXXXX                
                         XXXX    XXXX   XXXXX  XXXXXXXXXXX                 
                          XXX     X      XXX    XXXXX  XXX                 
                          XX              X      XXX   XX                  
                          XXXXXXXXXXX             X    XX                  
                           XXX  XXXXXXXX               XX                  
                           XX       XXXXXX             X                   
                           X         XX XXXXXX         X                   
                           X         XX   XXXXXXXXXXXXXX                   
                           X XXXX    XX    X XXXXXXXXXXX                   
                           XXX       XX    X   XX     XX                   
                           XXX       XX    X    XX    XX                   
                          XX X       XXX   XX    XX   XX                   
                          X  XXX      XX    XX   XX    X                   
                         XX  X XX     XX    XX    XX   XX                  
                         X   XX        XX   XX    XX   XX                  
                        XX             XX    XX    XX  XX                  
                        X               XX    X    XX   X                  
                       XX    X           XX   X     X   XX                 
                       XX    X            XX  X     X   XX                 
    XX                  XXXXX             XX  X     XX  XX                 
    XXX                  XXXXX   XXX    XXXX  X     XX  XX                 
    X XX                 X   XXXXXX    XX  XXXX     XX  XX                 
   XX  X  XX             XX            X    XX      XX  XX                 
   X XX X XXX            XXXXX         XX  XXX      X  XX                  
  XXX X XXX XX           XX       XXXXXXX  XXX     XX  XX                  
  X X X  XX  XX           X      XX X X XX  XXX   XXX  X                   
  X XX X  X   XX          X  XXXXXX X X XX   XXXXXXX  XX                   
  X  X X  XX   X         XXXXXX X X X XXXXX    XX    XX                    
  X XXXXX  XX  XX     XXXXX X X X X XXXXXXXXXX    XXXXXXXX                 
  XXX X XX  X   X     XXX X X X X XXXXXXXXXXXXXXXXXXX XXXXXXXXX            
  XX   X X      X      XXXXXXXXXXXXXXXXXXXXXXXXXXXXX  XX   XXXXXX          
   X           XXXXXXXXXXXXXXXXXXXXXXXXXXXXXXXXXXX    X   X    XXXXXX      
   XX         XX          XXXXXXXXXXXXXXXXXXXXXX     XX  XXX       XXXXXXXX
    X        XX     X        XXXXXX            XXXX  XX XXXXX      XX  XXXX
    XX      XX     XXX       X  XXXXXX         XXXX  X  XXXXX     XXX  XXXX
     X     XX      XXX      XXX   XXXXXX        XX  XX XXXXXXX   XXXX  XX X
     XX   XXXX    XXXXX    XXXXX      XXXXX     XX  XX XXXXXXX  XX  XX XXXX
      XX XX  XX  XXXXXXX   XXXXX    XXX  XXXXX      XX  XXXXX  XXX  XX  XXX
     XXXXX    XX XXXXXXXX   XXX   XXXXXX    XXXXXXXXX     X    XX    XX  XX
    XXX        XX XXXXX XX         XXXXXX       XXXXX     XX  XXX    XX   X
   XXX      XX  XX  X    XXXX       XXXXXX   XX   XXX         XXX     XX  X
  XX XX    XXXX  XX       XXXXXXXX   XX     XXXX  XXX         XXXX    XX  X
 XX   XX   XXXX   XX       XXX  XXXXX       XXXX  XXX  XX    XX XX    XX  X
XX     XX   XX     X        XXX    XXXXX    XXXX  XXX  XX    X   XX    XX X
X   X   XX         XX        XXX     XXXXX   XX   XXX XXXX  XX   XX    XX X
X  XXX   XX         XX       XXXX       XXXXXX    XXX XXXX  XX   XXX   XX X
X XXXXX   XX         XX   XX  XXX   XX X  XXXXXX  XXXXXXXXX X    XXX   XX X
X XXXXX    XX     XX  X  XXXX  XXX  XXXXX     XXXXXXXXXXXXXXX XX  XX   XX X
XXXXXXXX    XX   XXXX XX XXXX   XXX XXXXX       XXXXXXXXXXX X XXX XX   XX X
XXXXXXXX     XX  XXXX  XX XX    XXX  XXX          XXX  XX   X XXXXXX  XXX X
X XXXXX       XX  XX    X        XXX XX           XXX  XX  XX  X XXX  XX  X
X   X      X   XX       XX        XX      XX XX   XXX      XX    XXX  XX  X
X         XXX   XX       X         XX    XXXXXXX  XXX      XX    XX  XXX  X
X        XXXXX   XX   X  XX    X   XX    XXXXXXX   XX      XX   XXX  XX  XX
X       XXXXXXX  XX   XX  XX   XX  XX    XXXXXXX   XX  X   XX  XXX  XXX XXX
X       XXXXXXX   XX  XXX  X   XXX  XX    XXXXX    XX  XX  XX XXX   XXX XXX
X        XXXXX     XX XXXX XX  XXXX XX     XXX     XX  XXX XXXXX   XXX  XXX
XXXXXXXXXXXXXXXXXXXXXXXXXXXXXXXXXXXXXX      X      XXXXXXXXXXXXXXXXXXXXXXXX
