         XXXXX    XX          
       XXXXX  XX  XXXXXXXX    
      X     X   X  XXXXXXXXX  
     X  XXXXXXXXXX   XXX      
     X X     X   X  XX        
    X X   XXXXXX X            
    X X  X XXX XX X           
    X    X XXX XX X XX        
    X XXXXXXXXXXXXX XXXXXXXX  
    XX   XXXX XXX X  XXXXXXXXX
    X   X       X X    XXX    
     X  X       XX    XX      
      XXX   XXX X             
        X       X             
       XXX     XX             
     XXXX XXXXX XX            
   XX XXXX     XXXXXX         
  X  XXXXXX   XXXXXXXXXX      
 X XXXX  XXXXXXXXXXXXXXXX     
XXXXXXXXX XXXXX XXXXXXXXXX    
XXX  XXXXX XXXXX XXXX XXXXX   
XX    X   X XXXX XXX     XXX  
XX    XXXXX XXXXXXXXXXXXXXXXX 
XXX  XXXXXXXXX    X  XXXXXXXXX
 XXXXXXXXXXX     XX    XXXXXXX
  XXXXXXXXXX     XX     XXXXXX
  X XXXXX  XXXXXXXXX    XXXXXX
  XX XXXXXXXXXXXXXXXXX XXXXXXX
   XX XXXXXXXXXXXXXXXXXXXXXXX 
   XXX XXXXXXXXXXXXXXXXXXXXX  
   XXXX XXXXXXXXXXXXXXXX      
   XXXXX XXXXXXXXXXXX X       
   XXXXXX XXXXXX     X        
    XXXXXX      XXXXXX        
    XXXXXXXXXXXXX XXXX        
    XX        XXX XXXX        
    XX XXXXXX XXX XXXX        
    XX XXX XX XXX XXXX        
    XXX      XXXX XXXX        
    XX  XXXXX XXX XXXX        
