                            XXXXXXXXXXXXXXXXXXXXXX          
                       XXXXXXXXXXXXXXXXXXXXXXXXXXXXXXXXXX   
                   XXXXXXXXXXXXXXXXXXXXXXXXXXXXXXX XXXXXXXXX
                 XXXXXXXXXXXXXXXXXXXXXXXXXXXXXXXXXXXXXXXXXXX
               XXXXXXXXXXXXXXXXXXXXXXXXXXXXXXXXXXXXXXXXXXXXX
             XXXXXXXXXXXXXXXXXXXXXXXXXXXXXXXXXXXXXXXXXXXXXXX
            XXXXXXXXXXXXXXXXXXXXXXXXXXXXXXXXXXXXXXXXXXXXXXXX
          XXXXXXXX XX XXXXXXXXXXXXXXXXXX XXXX XXXXXXXXXXXXXX
         XXXXXX XXXXXXXXXXXXXXX XXXXXXX XXXXXXXXXXXXX X XXXX
        XXXXXXXXXXXXXXXXXXXXXXXXXXXXXXX XXXX XXXXXXXXXXXX XX
       XXXXXXXXXXXXXXXXX XXXXXXXXX XXXXXXXXX XXXXXXXXX X  XX
      XXXXXXXXXXXXXXXXXXXXXXXXXXXXXXXXXXXXXXXXXXXXXX  XXXXXX
      XXXXXXXXX X XXXXXXXXXXXXXXXXXXXXXXXXXXXXXXXXXXXXXXXXXX
     XXXXXXXXXX XXXXXXXXXXXXXX      XXX  X X XX  XXXXX XXXXX
     XXXXXXXXXXXXXXXXXXX     XXX     XXXX  X XX    XXX XXXXX
    XXXXXXXXXXXXXXXXXXX  XXX   XX     XXX XXXX X  XXXX XXXXX
   XXXXXXXXXXXXXXXXXXX  XXXXX   X   XXXXXXXXX X  X X X  XXXX
   XXXXXXXXXXXXXXXXXXX  XXXXX   X XXX   X XXX XXXXXX X  X XX
  XXXXXXXXXXXXXXXXXXXX  XXXXX  XXXX      XXXX XXXXX XX XX XX
  X XXXXXXXXXXXXXXXXXX   XXX  XX        X XXXXXX X XXXX XXXX
 X   XXXXXXXXXXXXXXXXX X     XX      XXXXXXX XX XX XX X XXXX
 XX  X    XXXXX XXXXXX  XXX        XXXX     XXXXXX XX X X   
 XX  XX   XXXXXXXXXXXX XX         XX         XX XXX X  X XX 
X X  XXXXX XXXXXXXXXXX       XXX              X X XX   X XX 
X XX  XXX X XXXXXXXXXX     XXXX            XXXXXXXX X   X XX
XXXXX  XXXX  XX XXXX XXXXXXXX        XXXXXXXXXXXXX X   X XXX
XX XXXX    XXXX X XXXX              XXX         XXXX X XXXXX
XX XXXXXXXXXXXX X XX XXXXXX        XX           X X X XXXXXX
XX XXXXXXXXXXXXXXXX X X XXXXXXX                  XXXXX  XX X
X  XXXXXXXXXXXXXXXXXX XX X X X X X              XXXXXX XXXXX
X  XXXXXXXXXXXXXXXXXXXXXXXX X X X X              XXXXXXX XXX
X  XXXXXXXXXXXXXXXXXXX XXXXX X X X X             XXXXXXXXXXX
X  XXXXXXXXXXXXXXXXXXXXXXXXXXXX X X X            XXXXXXX XX 
X  XXXXXXXXXXXXXXXXXXXX XXXXXXXX X X             XXXXXXXX XX
X  XXXXXXXXXXXXXXXXXXXXXXXXXXXXXX X X           XXXXXXXX XXX
XX  XXXXXXXXXXXXXXXXXXXX XXXXXXXXX X X          XXXXXXXXX  X
XX  XXXXXXXXXXXXXXXXXXXXXXXXXXXXXXX X          XXXXXXXXXX X 
 X   XXXXXXXXXXXXXXXXXXXX XXXXXXXX X X        XXXXXXXXXXXX X
 XX  XXXXXXXXXXXXXX XXXXXXXXXXXXXXX X        XXXXXXXXXXXXXX 
 XX  XXXXXXXXXXXXXX XXXXX XXXXXXXX X X     XXXXXXXXXXXXXXXXX
  X  XXXXXXXXXXXXXX  XXXXXXXXXXXXXX X   XXXXXXXXXXXXXXXXXX  
  XX  XXXXXXXXXXXXX  XXXX XXXXXXXXXXXXXXXXXXXXXXXXXXXXXXX XX
  XXX XXXXXXXXXXXXX   XXXXXXXXXXXXXXXXXXXXXXXXXXXXXXXXXX  XX
   X XXXXXXXXXXXXXX   XXX XXXXXXXXX XXXXXXXXXXXXXXXXXX XXXX 
    XXXXXXXXXXXXXXX   XXXXXXXXXXXX   XXXXXXXXXXXXXXXXX XX XX
    XXXXXXXXXXXXXXX  XX XXXXXXXXX     XXXXXXXXXXXXXXX XX  XX
     XXXXXXXXXXXXXX XXXXXXXXXXX       XXXXXXXXXXXXXXXXXX XX 
     XXXXXXXXXXXXXXXX XXXXXXX          XXXXXXXXXXXXXXXXX XXX
      XXXXXXXXXXXXXX XXXXXX              XXXXXXXXXXXXX XXXX 
       XXXXXXXXXXXXX                     XXXXXXXXXXXXXXXXXXX
        XXXXXXXXXXXXX        XX           XXXXXXXXXXX X XX X
         XXXXXXXXXXXXXXXXXXXXX             XXXXXXXXXXXXXX XX
          XXXXXXXXXXXXXXXXXXX               XXXXXXXXXX XXXX 
            XXXXXXXXXXXXXXXX                  XXXXX XXXXXX X
              XXXXXXXXXXX                     XXXXXXXXXXXXXX
