             XXXX        
           XX    X       
          X  XXXX XX     
       XXX XX XXX X XXX  
     XX  X  XX   XXX  XX 
    X   X X   XXXXXX X X 
   XX  XX  XX   XX  XX X 
   X   XXX  XXX    XX  X 
  XX  XXXXXX   XXXXX  XX 
  X  XX    XXXXX     XX  
   XXX       XXX  XXXXX  
   X       XX  XX    XX  
    XXXXXXXX    X    X   
     X          XX  XX   
      X          XXXX    
      XXXX       XXX     
       XXXXX  XXXX       
      XXXX XXXXXXXXX     
     X   XX  XXXXXX X  X 
         XXXXXXX        X
  XXXXX   XXXXX       XXX
 XXXXXXXX XXXX   XXXXXXX 
 X XXXXXXXXXXX  XXXXX XX 
X XXXXXXX XXX  XXX   XX  
XXXXXXX   XXXXXXXXXXXX   
XX        XXXX   XXXX    
XX       XXX             
 XX      XXXX            
       XXXXX             
         XX   XXXXX      
        XXX XXXX  XX X   
        XXXXXXXXXX XX    
        XXXX    XXXX     
      XXXX               
        XX               
