XXXXXXXXX XXXXXXX  XXXXXXXXX XXXXXXXXXXXXXXXX
XXXXXXXXXXXXXXXX XX XXXXXXXXXXXXXX XXXX   XXX
 XXXXX  XXXXXXX XXX XXXXX XXXXX XXXXXX     XX
XXX XXX  XXX    XXX X XXXXXXXXXXXXXXX       X
XXXXXX X  X     XXX XXXXXXX XXXXXXXXX       X
XXXXXX XXX       XX XXXXXXXXX XXXXX X       X
XXX XXXX         X   XXXXXXXXXXXXXXXXX     XX
 XXXXXX               XXX XXXXX   XXXXX   XXX
XXXXXX     X           XXXXXXX      XXXXXXXX 
XXXXX   XX XXXX         XXXXXX       XXXXXXXX
XXXXX  X X X  XXXX      XXXXX XXXXXX  XX XXXX
XX XX XXX X       XX    XXXX        XXXXXXX X
XXXX  X XXX        XXX XX   XXXXXXX    XXXXXX
XXXXXXXX X         XXXXX                 XXXX
XXXX X X X          XXX                   XXX
X XX X X      XXX  XX X   XXXXXXXX         XX
XXX XXX X    XX X  XXXXX XX    XXXXX        X
XXXX XXX     XXX  XXXX XXX       XXXX        
XXXXX X      XX   X XXXXXX       XXXXXX      
XXXX         X   XXX XXXXXXX  XXX XXXXXX     
XXXX             X X XXX X X      XXXXXXX    
XXX             XXX   X XX        XXXXXXXX   
XXX             X X  XXXXX  XX   XXXXX X     
XXXXXXXX       XXX    XXXXX       XXXX      X
XX      XX     X X    X XXX XXX   XXXX   XXXX
X         XX  XXX      XXXX      XXXXXXXXXXXX
X XXXXXXX  XX X X  X    XXXX    XXXXXX XXXXXX
XXX      XX XXXX   X      XX   XXXXXXX  XXXXX
XX        XX XX   X      XXXXXXXXXXXX X  XXXX
XX         XXXX   X       XX   XXXXX XX    XX
XX          XX   XX        XXX      XX      X
XX         XXXX  X        XXXXXXXXXXX        
X          XX X XX       XXX XXXXXXX         
X          X  XXX        XXXXX XX X          
X        XXXX  XX       XXXXXXXXXXX          
         X  X XXX      XX  X XXX X           
         X  X XXX      XX X XX XXX    X      
     XX  XXXXXXXXX    X X   XXXXXX  XXXXX    
     XX   XX XXXXX   XX X X XXX X    XXX     
X    X    X   XXXX   X  X    XXXX   X   X    
XX       X XX XXXXX  X  X X   XX             
XXX      X XXX XXXX XX  X     X              
XXXX    X XXXXX   XXX   X X                  
XXXXXXXXXXX XXXXXXXXX   X                    
XXXXXXXXXXXX  XXXXXXX   X X                  
