XXXXXXX   X      X      X       X       X    
XXX X XXX X XXXX X XXXX X XXXXX X XXXXX X XX 
X X X XXX X XXXX X XXXX X XXXXX X XXXXX X XX 
XX X  XX  X      X      X       X  XXXXXX XX 
XXX   XXXXXXXXXXXXXXXXXXXXXXXXXXXXXX X XXXXX 
X     XXXXX     XXXXXXXX X X XXXXXXX X X XXX 
XXX    XXXX     XXXXXXXX     X XXXXX  X XX   
 XXX   XXXXXXXXXXXXXXXXXXXX   XXXXXX   XXXXXX
 XXX   XXX       XXXXXXX   XX  XXXXX     X   
 XXX    XXX X X XXXXXXXXX X X XXXXX   XXXXXX 
   XX   XXX     XXXXXXXX    X  XXX   XXXX XX 
XXXXX   XXX X   XXXXXXXXXX   XXXX   XXXXX XX 
    X    XX XXX XXXXXXXX    XXXX   XXXXXX    
 XX XX   XXX   XXXXXXXXXXX         XXXXXXXXXX
 XX XX    XXX  XXXXXXXXXX         XXXXXXX    
 XX XXX      X   XXXXXXX     XXXXXXXXXXXX XX 
 XX XXX      X     XXXX       XXXXXXXXXXX XX 
    XXXX     X      XX   X    XXXXXXXXXXX XX 
XXXXXXXXX    X          XX      XXXXXXXXX    
    XXXXXX  XX  X      XXXX       XXXXXXXXXXX
 XX XXXXX   X   XX    XXXXXX        XXXXXX   
 XXXXXX    XX  XXXX  XXXXXXXX           XXXX 
 XXXX     XX  XXXXXXXXXXXXXXXX             X 
 XX      XX   XXXXXXXXXXXXXXX             XX 
 XXX    XX   XXXXXXXXXXXXXXX            XXXX 
  XXX  XXX   XXXXXXXXXXXXX            XXXX   
XXXX        XXXXXXXXXXXX            XXXXXXXXX
  X          XXXXXXXXX         XXXXXXXXXX    
 XX     X     XXXXXXXXXXXXXXXXX   XXXXXXX XX 
 XX     XX     XXXXXXXX    XXX   XXXXXXXX XX 
 XX     XXX     XXXXXX    XXX    XXXXXXXX XX 
 XX     XXXX     XXXXX   XXXX     XXXXXXX XX 
  XX    XXXXX    XXXXX    XXXX     XXXXXX    
XXXX     XXXX     XXXXX    XXXX     XXXXXXXXX
   X     XXXX     XXXXXX    XXXX     XXXX    
 XXXX    XXX      XXXXXX     XXXX     XXX XX 
 XX X     XX      XXXXXXX     XXXX   XXXX XX 
 XX XX    XX     XXXXXXXXX   XXXXX  XXXXX XX 
 XX XX     XX   XXXXXXXXXX  XXXXXX XXXXXX    
    XXX     XX X XXXXXXXXX XXXXXXXXXXXXXXXXXX
XXXXXXXX   XXXX   XXXXXXXXXXXXXXXXXXXXXXX    
    X  XX X   XX  XX      X       X     X XX 
 XX X XXXX     XX  X XXXX X XXXXX X XXX X XX 
 XX X XXXXX     XXXX XXXX X XXXXX X XXX X XX 
    X     XXXXXXXXXX      X       X     X    
